S	0x6ed5d912,	3,	0xbfd8e6
S	0x3807a080,	25,	0x4370323fa2239490fd25411cbca75b3840adcced2a4d31206
L	0x624d7ce2,	28
L	0x47269809,	22
L	0x3ff69bb3,	26
L	0x3807a080,	26
L	0x48bab466,	32
L	0x5c78cce4,	12
S	0x52809a7f,	21,	0x20318a4be2eb35f1e1ae32838428d69ec877edcab2
S	0x686f428e,	5,	0x371edaf6f9
L	0x2e62d6bf,	22
L	0x1dbb6915,	28
L	0x15775685,	8
S	0x3807a080,	17,	0xfa6f304a9539b629066885598f041c361
S	0x57f8613f,	21,	0xc89d501663f73837948be567bc26d9391bc3682
S	0x2279dff6,	5,	0x7176f9d8d3
S	0xadde18d,	27,	0x16a630aad4cad6e47359de899b911d59aec13729326c7fc726b39
L	0x5c78cce4,	24
L	0x916af9d,	14
S	0x69b7bcca,	1,	0x1b
L	0x3e226b1e,	8
S	0x42955cf9,	21,	0x648886c6356bdebdba66ac198c8b15445b8fba343
S	0x5c78cce4,	21,	0x2c30c4b8331ecb76c0fb625f20f73efcb1a6734aa3
L	0x726da252,	2
L	0x48cc34b8,	18
S	0x24ab741d,	25,	0x51ba681caa79ac136130a0e1f98a65b4e754f0c9b59d50f5
L	0x2428a0a1,	16
L	0xadde18d,	8
S	0x5ba6fa8c,	31,	0x5f398a2a3668ea92ddb429bbcbe0f8d8af5f7ce5d534f61caa427de8ef2c9
S	0x41acbbd0,	21,	0x3490a5ac214caa768cdbb0d1fbb8feeba81ca76912
S	0x3807a080,	1,	0x56
S	0x4435aa28,	23,	0x78d99fb922067be873b455231a346c6aa7a494a547dc5
L	0x69b7bcca,	18
L	0x689fd209,	24
S	0x1182ab0e,	1,	0xd0
S	0x689fd209,	11,	0x751be3dc3b5f33b3cd2f
L	0xb6fb411,	26
L	0x1e621f22,	4
S	0x2f1a43b7,	17,	0xea5f82fc4fdc1dda09372b9ef1a60ce
S	0x2279dff6,	25,	0x57deebdc1f3ce5ec1437507919eab35525c08087c9874691
L	0x750b8737,	14
S	0x1e49e08e,	23,	0x2287653d34faaf10b1617e13f4fcb98af3b19bda1e676
S	0x3ff69bb3,	23,	0xb7dec63b67ae626179276de49ce56989fb82ff93ce91b5
S	0x465408e4,	19,	0xf79b585f91b4feb6d2ce2932b928220785543
S	0x4b95768a,	7,	0xcb19f072d1d518
S	0x6608c7bf,	5,	0x6aa2f13e
L	0x798e4fe5,	24
L	0x2b18b410,	26
S	0x2c44fc08,	1,	0xfc
L	0x624d7ce2,	0
L	0x601d88e2,	2
S	0x743eebff,	13,	0x59b9f869f4bde9939ba465234b
L	0x4758a8d9,	2
S	0x57f8613f,	17,	0x71482dc3bbc287f1fb283b1e0d250b28f
L	0x465408e4,	24
S	0x6608c7bf,	11,	0xe539c3bc2a12230ad9c4d
S	0x629ef9fe,	9,	0xaf2eeaa1e76f95c1a
S	0x743eebff,	5,	0xb3e75a129
S	0x6a7e8a2f,	11,	0xb81b35f07017f21b124b
L	0x43ce1714,	12
L	0x5c78cce4,	26
S	0x6518fce0,	27,	0x56abfd124e32ee70a7c6b4c97ccc7448a293194e73cae24e8336f
S	0x1e49e08e,	19,	0x48f3b5a41db8dfaae1d43c253e263b0d3137a
S	0x3af56022,	5,	0x58f743044
S	0x5ba6fa8c,	27,	0xaccdb06f59ef3e99a14471d188d49816959758ab99e014669b6d
L	0x6bf7e068,	4
S	0x2428a0a1,	5,	0x9c59927aad
L	0x42955cf9,	30
L	0x1e394492,	10
S	0x163f2de8,	13,	0xff48cbf9e542f465aaa260fccf
L	0x2c3b5d5c,	6
S	0x750b8737,	21,	0xb2822f29fddc4b9af58c162154d941f0d9927e1e95
L	0x6bf7e068,	16
S	0x181e79ce,	5,	0xb550ffbf2d
S	0x2e62d6bf,	11,	0x4e3b8f1cb93f214744879
S	0x60e13b4,	31,	0x675b47f87a555a4dc41463e9bfbbf8ffdb52e22cd8216aa213e6383d0b0ab
L	0x5accf9f3,	16
S	0x2633cb82,	31,	0x1f2487622b195dad8d625d4bc0832dc8c981b8fc27bd634e9293f2c851f821
L	0x52809a7f,	32
S	0x5accf9f3,	3,	0x561ed1
L	0x37782ad5,	0
S	0x629ef9fe,	21,	0xab3fac96ff7d696c3bf450f02a74fa65dc2d71cce2
S	0x70ed4df5,	1,	0x31
L	0x163f2de8,	18
S	0xfe71eee,	27,	0x50c3c31426dbb3fae1b6d3ef8c551dfe5067b133d1bd11f441ecbb
L	0x5accf9f3,	10
L	0x3807a080,	10
S	0x1d668846,	15,	0x8220e5b58f311d30bed14ec3f9ca7c
S	0x750b8737,	7,	0x3625553f24d09f
S	0x15775685,	9,	0x551a3a22875da6bad1
L	0x62f4a48f,	6
L	0x6518fce0,	30
L	0x12834f5c,	30
S	0x70ed4df5,	3,	0xe1958e
S	0x3807a080,	25,	0xe238a1fbfd60f4e878c52d1154156f164c9738abdd8d41c7
S	0x2279dff6,	23,	0x6e23d23cd72775d129154613e6776926f2dd208aacca61
S	0x1182ab0e,	11,	0x6f8067b242bea5e5d9a36a
L	0x3669b977,	16
L	0x268f6057,	10
L	0x7951c4b9,	24
L	0x743eebff,	22
S	0x66fdff4e,	23,	0xd0632f36bc64e430da7c386cfc12981f31b6262c3191e
S	0x72a2b19f,	7,	0xd259ce2fb4e816
L	0x1d057b72,	6
S	0x916af9d,	15,	0xba78bf207d12d37a941ea58c937673
L	0x6518fce0,	28
L	0x731ccd74,	0
S	0x3669b977,	13,	0x3e1c7b3e8138aef992c94ef2
L	0x1d057b72,	16
S	0x7951c4b9,	19,	0x951ee81694f3839289bfad420b76ed54545
L	0x183badc3,	28
S	0x6c2aa4c4,	3,	0x2d84ba
L	0x181e79ce,	26
L	0x48bab466,	26
L	0x181e79ce,	24
S	0x12a6c7ca,	19,	0xd6d0411a13bcdfc8e5145a01bcdd562e07fd5
L	0x284b0616,	26
L	0x2e62d6bf,	24
S	0x2633cb82,	25,	0xfba8c5666f84b59212af07a8498c42d5e23c14967bac9e8
L	0x668dac1e,	28
L	0x60e13b4,	0
S	0x1b65a26b,	21,	0x44c9db266a3dd1c86acb4f3b984df2e8a5e65150cb
L	0x1b65a26b,	18
L	0x1e394492,	4
L	0x72dee2f9,	2
L	0x48cc34b8,	6
S	0x743eebff,	23,	0x65633023b425bb9cb392eef29fd24e80e65a34cede3b
S	0x66fdff4e,	27,	0x4c748124c2ac7f844ecd2b3ffd73fe685295277aa33aad0dc28
S	0x1b65a26b,	31,	0x68b5f41fb57915c93dd355f05177ca1ffa83f3315cb26217eb7445872ff5
L	0x6a7e8a2f,	8
S	0x726da252,	5,	0xab2998e266
S	0x7951c4b9,	27,	0xb376f6869ac97b7247f9304c2a2944c440f015762f79ec989057ec
S	0x78ceb6f7,	27,	0xc83afb73c7b1b8e546c7dfe4be92331d358eb39ec412a661d1b
L	0x3af56022,	12
L	0x916af9d,	30
L	0x731ccd74,	20
L	0xb6fb411,	30
L	0x469a0953,	18
S	0x916af9d,	1,	0xfa
S	0x30d4a099,	5,	0x5b1ae6a8b
L	0x668dac1e,	12
S	0x37782ad5,	31,	0xed3d735ff9c6b6bf5c81e1b529bbc2bd36de97c096c3e2fe22f4cbdfa2fb
L	0x624d7ce2,	28
L	0x1182ab0e,	8
S	0x6589b549,	7,	0xfeb2d6ad9154d9
L	0x15775685,	10
S	0x2f1a43b7,	11,	0x6739e15ead2a8a9ecbd31b
L	0x2250410b,	30
L	0x3669b977,	14
S	0x1c65eb29,	19,	0xd5e25dc137247daaa92a1998d35f0d88d881a
L	0x70ed4df5,	28
L	0x6d5655de,	24
L	0xadde18d,	0
L	0x64c125f2,	30
L	0x6518fce0,	26
S	0x6608c7bf,	23,	0xd3cccf17966c92f3b71e105e616c919c2b8417837ec0
S	0x916af9d,	17,	0x92548cc5d363c5404ae94c2de973a05e67
L	0x6518fce0,	30
L	0x2e62d6bf,	0
S	0x47269809,	11,	0xb72340f2503116cf42bdef
L	0x12a6c7ca,	22
L	0x41acbbd0,	18
L	0x41acbbd0,	20
S	0x6c2aa4c4,	7,	0xefd99d5643e817
S	0x6518fce0,	17,	0x81f0110d581111e9965ea146221715b5
S	0x37782ad5,	7,	0x372bbbe611a8ee
L	0x668dac1e,	16
S	0xb6fb411,	23,	0xd4cbd5da0d24d5df97f38d675a0aaf3df396c8d53075
L	0x6518fce0,	18
S	0x41acbbd0,	7,	0xdc7ed71bae670
S	0x6d5655de,	11,	0x293ef653dedb584c83c97f
S	0x5c78cce4,	31,	0xe87a272414345019cc956f45769d2f7ae14fe5758871c7d4676f62d880c4
S	0x5ba6fa8c,	5,	0x90ee1065ef
L	0x2b18b410,	22
S	0x48bab466,	1,	0xb4
L	0xadde18d,	6
L	0x48bab466,	10
L	0x48cc34b8,	26
S	0x621c5809,	7,	0xf6aa16a4032fa
S	0x4435aa28,	31,	0x9270b9e96fb14cc05ae93f76c7468c2c3a3f093cbd514c47e32aca94f5
L	0x3669b977,	32
L	0x37782ad5,	8
S	0x72dee2f9,	31,	0x4af040d899f7bc45942248427453691bbcc6486fec2d682f2a513d37cd65e
S	0x1dbb6915,	3,	0x4a1462
S	0x3f5cc8f8,	25,	0x3cc9a3e3e46b78129143fcc2856b59db0626945abfb94a48a
S	0x6d5655de,	5,	0x9935c2889d
L	0x183badc3,	16
S	0x48bab466,	27,	0x79451cc95e7f57458ce8cea4fd45e0de1f838e4c378cce33b255e
L	0x2633cb82,	6
S	0x72651170,	11,	0xc9e0d13eba95af3b9302f
L	0x4b95768a,	14
L	0xfe71eee,	20
L	0x1d668846,	12
S	0x78ceb6f7,	3,	0xb943
L	0x49a31c37,	6
L	0x73251e18,	10
L	0x72a2b19f,	28
L	0x6c2aa4c4,	20
L	0x24ab741d,	12
L	0x181e79ce,	28
L	0x624d7ce2,	30
L	0x465408e4,	20
S	0x42955cf9,	7,	0x806316f6d491d1
S	0x12a6c7ca,	13,	0x69a1cac39dac386376c073424f
L	0x2b18b410,	6
L	0x181e79ce,	12
S	0x4e319649,	27,	0xab71b23a91e62d286e45468ececf3577d13d4dd5f99559333c
S	0x163f2de8,	21,	0x81de25cf1c325d99b867849756bba4bac9228299c2
L	0x6589b549,	12
S	0x4b95768a,	23,	0x4394e7bf455f37eda7401936bc51fde144cfea5534699
L	0x689fd209,	22
L	0x1b37d1e4,	20
S	0x79f48287,	21,	0x088effdc321393fc4282fb58b60b4e059f8a5c5e
L	0x686f428e,	26
L	0x2279dff6,	14
L	0x2c3b5d5c,	32
L	0x64c125f2,	28
S	0x750b8737,	11,	0x144dbbd10cbaec034c65c
S	0x268f6057,	21,	0x11c202dd02e12f34d6062d1f9f5d6a8689ce297
L	0x1dbb6915,	4
S	0x2c44fc08,	21,	0xd66da0567f3382d1e1edec7269acd1e3e9f2359cb
S	0x731ccd74,	11,	0xe48d8bd689752a74c0062
S	0x604dd0dc,	31,	0x738a9f1a48229aaa9d22554b2b9f6cf25958067ecab3e811a823eca1c3da4
S	0xfe71eee,	7,	0x85513ee0f4f16e
S	0x3807a080,	9,	0x7b58dac2228827131
L	0x48cc34b8,	16
L	0x2279dff6,	10
L	0x72dee2f9,	28
S	0x6589b549,	27,	0x84e649c4f278d14d9158aa8b602345ad4179ddfe0aaf5699ac3
S	0x15775685,	21,	0x5acfe99cbff2af5b46b2f6449db8dc626e757041cf
S	0x78895b86,	9,	0x24c1d2b0e05370995d
S	0x37782ad5,	25,	0x5de7fe28a5f889ddf459a8bfec6ed9dd19b29221a8387ec8
S	0x629ef9fe,	3,	0x33d1f0
L	0x2b18b410,	12
L	0x78ceb6f7,	4
S	0x60e13b4,	1,	0xcb
L	0x465408e4,	4
S	0x72dee2f9,	31,	0xd04871f8b398ddf3e98c4f33a6c61858373ec2faba9c37b8657df28deb
S	0x624d7ce2,	23,	0xd2e23632492f196e016d9965b65ee1f7ad89ebed93bc0
L	0x4e319649,	30
S	0x36ee0799,	27,	0x9c91cd3af0e2c76f1779166eb661fb4ebbec834ddd51132890a7
L	0x57f8613f,	2
S	0x604dd0dc,	21,	0xf215a276f6a84fcca3e287eb3582bed4639383d4
L	0x726da252,	32
S	0x42955cf9,	31,	0xc6e97a34683616ff32a35bb986918416dcee68ddb0615d2d4614dab59c
L	0x183badc3,	26
S	0x4e319649,	15,	0xd3e9b20c5e3b2abf437e86fe41f7b
S	0x72a2b19f,	19,	0xdc9ff90da77d6d729e8cec1186796c18d6dad
L	0xb6fb411,	24
L	0x731ccd74,	10
L	0x72651170,	26
L	0x4b95768a,	8
S	0x629ef9fe,	5,	0xc5e7be291f
S	0x5c78cce4,	27,	0xe91b115dcb96ed6665f2ebc75516f69ea30fd271771871173df4f
S	0x750b8737,	23,	0xd11e1c1b5ba7b08ca55cad1a27f2d94dfa5eebe33ab3
L	0x6c2aa4c4,	26
L	0x57f8613f,	16
S	0x469a0953,	1,	0xa
L	0x62f4a48f,	22
L	0x52809a7f,	26
L	0x3f5cc8f8,	20
S	0x1e621f22,	7,	0x566982c659ead
S	0x181e79ce,	19,	0xbc362b9d133cf8ac915c9a24c78d81a8101ed0
S	0x689fd209,	7,	0x73a475fc3ae051
S	0x6dd8d109,	9,	0xb04c97e4ac40e8c3a1
L	0x621c5809,	10
S	0x1182ab0e,	29,	0x5eb058dadf5369fb2af4503579cd84959771693bd9962dabc6b9f161d4
S	0x798e4fe5,	31,	0x73367c6cba35b6f5bf656ecd2db8625ba26c299cd85131efdee917944e
S	0x36ee0799,	19,	0xe26e01e85c441ed26c52f146ee41c5db4766e
L	0x7951c4b9,	12
S	0x686f428e,	25,	0xa241f711fbda56ea4386c359833b46b35a9f57afb188c3979
S	0x64c125f2,	1,	0x99
S	0x47269809,	13,	0x1ad7a4a4a82e47edda4a528
L	0x2c44fc08,	14
S	0x2279dff6,	31,	0x1640e9dbcda02cbc1be2c532ae826f73683fb87376f52d986861ad9de208e
S	0x73251e18,	17,	0x81526b715c2f9296fdc659df96fd17f661
L	0x686f428e,	28
L	0x47269809,	4
L	0x6518fce0,	8
S	0x37782ad5,	3,	0x627f1e
L	0x72651170,	4
S	0x6dd8d109,	19,	0x1232d04918887f21dd157fe0727d29208dc83
S	0x2c44fc08,	17,	0x344a18ad4dbcee4ce848682ba933ab98f
L	0x6bf7e068,	20
L	0x24ab741d,	8
L	0x66fdff4e,	8
L	0x72a2b19f,	24
L	0x2279dff6,	10
L	0x30d4a099,	2
S	0x726da252,	29,	0xaaa8344ca9a21cc0e232f486e3e6a35db075f6d19f63c8a0acd75cb
L	0x3f5cc8f8,	4
S	0x79f48287,	15,	0x36da6a3fdd4d74ab2253d583a8e49
S	0x78ceb6f7,	29,	0x74bc871de41529869b5516b945fb82448c852b083ae96d16c46bf4381
S	0x6bf7e068,	27,	0x92d257ab186a943af6ca731602b31362e3d6b4d9361b182f012
L	0x1dbb6915,	26
S	0x2c3b5d5c,	19,	0x9d455f1b1dcbe15f4f4458921fa4bf36884b4e
L	0x78895b86,	0
S	0x6589b549,	9,	0x7816ec8c0e24bf78
S	0x66fdff4e,	15,	0xcf5aebaea1bee05f5bdec792b21f5
S	0x30d4a099,	9,	0xc08551de6f6e3a7f89
L	0x2633cb82,	20
L	0xadde18d,	0
S	0xfe71eee,	17,	0x5ea6dfd56bf2dc14a91a276496d73521b
S	0x5c78cce4,	21,	0xaa65afe75da91140895c2c7ce4c3a54f8d64df1e49
S	0x726da252,	3,	0x270ab
S	0x2b18b410,	29,	0xf47042bfbffa8e7c5dbdce395d77c4319f726a5ffc84f08eb070313f3
L	0x163f2de8,	0
L	0x1c65eb29,	4
S	0x3669b977,	25,	0x4967be1057e338df5c8e71f987621538b17785f38f4435aa
S	0x3807a080,	29,	0xa4f632e065c9982ab04bcc51aa49c04c3c42947e61a894a2529759fa
S	0x2279dff6,	17,	0x68a1c127fb57b9ddf5aa4858ae2b8e4b
S	0x1e49e08e,	19,	0xd510d1631eb5fddc629b70887e4f7d44e52
S	0x6d5655de,	29,	0x80e6b546eb10b6d0f917a39035ea0e6d6c82e81f58bdb46c1f3291
S	0x73251e18,	29,	0xa616b546b984a80102c3219fb10b941d62197cd608c35cf526d58b
S	0x668dac1e,	3,	0x5cdd10
S	0x6518fce0,	15,	0xa3aaf3da78e539e854e422e6cf1e
L	0x1d668846,	2
L	0x6bf7e068,	30
S	0x62f4a48f,	31,	0x36a6fdf718e3472d96343d464130b9ecdad022df9a983d8045e6c6fcbc
L	0x1c65eb29,	10
S	0x689fd209,	7,	0x1c7727cdd6ede
S	0x47269809,	9,	0xd51076ebf0366cdecb
L	0x689fd209,	14
S	0x268f6057,	23,	0x91d8676a668dd8229da2da73a566b84457ef4f1d4634
S	0x916af9d,	25,	0x6f8e5dff979e93bbd55f294fadfcdbf832515e6da9cac84041
S	0x689fd209,	25,	0x62ba9762a828b5ab8c17d574dc23b62d456ca71bd4c57b83
L	0x43ce1714,	18
S	0x465408e4,	17,	0x15145c817ae394afa7895daad6aeaa2e2
L	0x689fd209,	0
S	0x41acbbd0,	29,	0x5a17cbd8f584d343b63e2af6c8076c6ffd0adb2acc54dbdfa87cd3fe
S	0x79f48287,	31,	0x5d398e339aa4323b53f6f22aab148d2062efed3cad8bfefa936e8a6162
L	0x1e49e08e,	22
L	0x469a0953,	22
L	0x2b18b410,	24
S	0x2279dff6,	9,	0x3efed9beb5a650829f
L	0xb6fb411,	24
L	0x2428a0a1,	0
L	0x12a6c7ca,	12
L	0x1df4b509,	26
L	0x79f48287,	16
L	0x726da252,	8
L	0x2633cb82,	24
L	0xadde18d,	32
L	0x3ff69bb3,	8
L	0x78ceb6f7,	6
L	0x469a0953,	30
L	0x601d88e2,	16
L	0x5c78cce4,	18
S	0x4758a8d9,	13,	0x1ffa89135122305e3e367c9d2
L	0x5c78cce4,	4
S	0x1b65a26b,	19,	0x738075f2c95857fedf7c851772e677244e3655
L	0x2f1a43b7,	14
L	0x15775685,	16
L	0x7951c4b9,	28
S	0x4435aa28,	25,	0x7ce1c82aafb5cd1750f3fa177e3dc20974b869c86c93a22c8
L	0x2b18b410,	32
L	0x6dd8d109,	18
L	0x2c44fc08,	2
L	0x743eebff,	12
L	0x6dd8d109,	14
S	0x1e621f22,	11,	0x65314ae77f5b96cf3a392
S	0x70ed4df5,	25,	0x35f2782bacb644d385c8f0e2f31a681bfaf712d5526347c4a6
L	0x4435aa28,	14
L	0x1b65a26b,	12
L	0x3e226b1e,	32
L	0x469a0953,	12
S	0x72a2b19f,	27,	0x125aee185aaf38bda9b4c29d61e0999a2e59a4bd843522f965de6
S	0x72a2b19f,	9,	0x57493056ca58b6889c
L	0x12a6c7ca,	32
L	0x1d057b72,	26
L	0x4e319649,	12
S	0x1dbb6915,	7,	0x523d4b1752d832
S	0x624d7ce2,	5,	0x35c828bf
L	0x1b65a26b,	28
S	0x3ff69bb3,	27,	0x6d8c79fda2c62fd7db56cfa92eb61bfa58d31f1052d0141cf592
S	0x12834f5c,	3,	0xaa9f6e
S	0x4758a8d9,	31,	0xfddf7d84ebe6834ac7c9dbd228d4534c3a7d118b63d7eb5b8fc7ab079bf19
L	0x1d668846,	24
L	0x689fd209,	2
S	0x731ccd74,	3,	0xfb20d5
S	0x268f6057,	25,	0xe7d5af907bc0e084e765a546dd757fb25e24dc968e1dbaca4
S	0x1c65eb29,	21,	0x2447d11bb601a1e495aba650579b4ee2738fde8
L	0x601d88e2,	8
S	0x2428a0a1,	3,	0xffce87
L	0xb6fb411,	18
L	0x60e13b4,	0
S	0x1dbb6915,	29,	0x262fc26654730c444d7bf44e7e481adecfac83fa3c13de34eb55af76
L	0x60e13b4,	10
L	0x30d4a099,	18
S	0x6810df85,	5,	0x29631e9fb
S	0x78895b86,	15,	0xb1e1f4e4f8a5acf07c5ce8dd12a054
L	0x2279dff6,	24
L	0x1e394492,	28
L	0x1d668846,	6
L	0x6bf7e068,	20
L	0x72651170,	14
L	0x686f428e,	16
S	0x72dee2f9,	25,	0xd3c53875a49eeba79cbe4acad0bf693c609937a33818b059b8
S	0x1021741a,	21,	0x47c218d97faddade7e54d5bff3720afd5b05b561d
L	0x6d5655de,	12
S	0x37782ad5,	27,	0xd3c7e2de7ccd3f2bed69da42613f57deac193352754760fa6ca6
L	0x69b7bcca,	26
L	0x12a6c7ca,	18
L	0x72dee2f9,	32
L	0x4758a8d9,	30
L	0xadde18d,	14
S	0x6810df85,	13,	0xd6cb1fbb612095dec4ca89ef
S	0x57f8613f,	19,	0xe144f49890a9bf84aa162f4a5369ad41d5b34
S	0x1e49e08e,	15,	0xae6a65d2ad33c1fb797d382aa19dde
S	0x6c2aa4c4,	5,	0x3b686b1f2d
L	0x66fdff4e,	22
L	0x49a31c37,	16
L	0x37782ad5,	28
S	0xb6fb411,	25,	0x9493a9f42a6f9a777325ae6349062a1ee162ef7c25315b9e
S	0x78895b86,	9,	0xe42b8db3b1ec63166
L	0x73251e18,	32
L	0x2633cb82,	26
L	0x6589b549,	18
L	0x6d5655de,	2
S	0x1b65a26b,	5,	0x4f39d79e66
L	0x3e6db396,	6
L	0x52809a7f,	2
S	0x37782ad5,	7,	0xbbeb5771e19e6c
S	0x6810df85,	15,	0x4ae18aa278f93ab7329dee914a83d
S	0x46e8f2aa,	17,	0xe88b5c1508a9d7733d3419f960ca7b77
S	0x1e621f22,	21,	0x5e5e466138c78def3b1e7c4ffcd35eb82eb5fb7c38
L	0x78ceb6f7,	30
L	0x73251e18,	24
L	0x41acbbd0,	30
S	0x12a6c7ca,	7,	0x2f18179795cec5
L	0x3af56022,	28
L	0x668dac1e,	12
L	0x6810df85,	14
S	0x47269809,	21,	0x7b946bde3521b0b482acc28ea98cde87b23463b2
L	0x1021741a,	0
S	0x6810df85,	23,	0x28581a4725feef94d4c797c419411a65547f7ed9e7d24
S	0x42955cf9,	27,	0xce2cf121ccbeb3d85e4f56568149799d33be1111564819cb51d5
S	0x3669b977,	13,	0xf3cb9b7ca683ef1e29dbc9694c
S	0x3e6db396,	3,	0xc04cfb
L	0x621c5809,	32
S	0x6518fce0,	11,	0x8b7e817cca6c5ba2986a8f
L	0x1b37d1e4,	30
S	0x6810df85,	29,	0xf35d42451543b6f8d3688747609598e20ce57b0cabd99ae7153f8bb
L	0x1d668846,	2
S	0x72651170,	7,	0xb58c1c99db77
L	0x12834f5c,	16
S	0x52809a7f,	15,	0xb958d458456edb2d590d2bfbcc016
L	0x79f48287,	6
S	0xfe71eee,	17,	0x8e37f3c3b4473fbcdddaef508c5bd4965c
S	0x3e226b1e,	17,	0x58b7038163b953af3842594fa5246c3
L	0x469a0953,	28
S	0x6518fce0,	27,	0xb5f74e54e22ae82580c43885bb3f3247b4ad21fc221b6093a9cc1
L	0x1021741a,	32
L	0x2279dff6,	6
L	0x621c5809,	14
S	0x1d668846,	23,	0xb2873e3a1532498b5c34421f7990d46231e9e0ddf8e185
L	0x3669b977,	10
S	0x2250410b,	21,	0xc0a57619abf16d2137b6e48cb18bfa96d4b10b05e
L	0x6608c7bf,	14
L	0x469a0953,	10
L	0x78895b86,	10
L	0xfe71eee,	14
L	0x15775685,	18
L	0x1e49e08e,	2
L	0x1d668846,	18
L	0x284b0616,	24
L	0x15775685,	20
L	0x3669b977,	16
L	0x2c44fc08,	24
S	0x4435aa28,	17,	0xa65c97fd2dd81b940b2eb28a27f9683f
L	0x41acbbd0,	10
S	0x48bab466,	31,	0x98f11710a469e2374b662a93fc6a01380c5beb84191deaf5d8c0b5d739d8
L	0x57f8613f,	26
L	0x3ff69bb3,	26
S	0x43ce1714,	5,	0x4df05e2878
S	0x36ee0799,	19,	0xb659a11d8f5eb5cbf690bad57ad97cf0e331
L	0x70ed4df5,	20
S	0x6589b549,	23,	0x68b3484199427f492685a6dc40401ef3acefa240888153
S	0x1e621f22,	19,	0x3c78c227eec574321d1b88bcba48cddedc11
S	0x6a7e8a2f,	23,	0x624d5d45cd64dd7c28e8935644aff5bde3f8d925db957
L	0x6ed5d912,	8
L	0x798e4fe5,	10
S	0x69b7bcca,	19,	0xe545be9f2be177655d9984b87d982daf5a192
S	0x57f8613f,	17,	0x4c78b523b52168c9cc9dc24abffda61c76
L	0x48bab466,	24
S	0x72dee2f9,	7,	0xf2a553f336dab
S	0x78ceb6f7,	17,	0xb7246ea067281ac4fd26fc93bb2b16e676
L	0x64c125f2,	24
L	0x6518fce0,	28
L	0xb6fb411,	24
L	0x268f6057,	26
L	0x743eebff,	14
L	0x30d4a099,	6
L	0x1b65a26b,	12
L	0x916af9d,	30
L	0x2250410b,	6
S	0x4435aa28,	15,	0xe9c4c91518cb92103b359333debcc9
L	0x1021741a,	18
L	0x2e62d6bf,	10
L	0x6608c7bf,	30
S	0x4435aa28,	11,	0x7052c82fce2ba62b6eb1b
S	0x2e62d6bf,	15,	0xeac51676c1c41874b9b99afe2ea6d0
S	0x5c78cce4,	17,	0x30fcad8d12e73dd9fad4e8c8a896c5381
S	0x743eebff,	29,	0x9339f5fc9695311d163095670c61513d2e7683a7c685987963664a8
S	0x624d7ce2,	5,	0x43fec27c8c
L	0x3669b977,	26
S	0x12a6c7ca,	13,	0x31129708ff0e218ee6b76876
S	0x6810df85,	29,	0xd67e9b4c3df8ec1755890cadca241e2751c6738f3e4f4a0d1d6d9a3
L	0x1dbb6915,	20
S	0x2428a0a1,	11,	0x12577826da8d48cb7b03d
S	0x1b37d1e4,	21,	0xbc82ec985789aec6db217ef2958ea6027990ef3b
L	0x6bf7e068,	8
L	0x6dd8d109,	6
L	0x465408e4,	32
S	0x1c65eb29,	1,	0xde
L	0x284b0616,	26
S	0x72651170,	13,	0x24377dcc9556f62d771f2010
L	0x1d668846,	14
S	0x3af56022,	19,	0x399f30bd808cbfa7bb41ae8a2bf7d0ba2bef74
L	0x6c2aa4c4,	8
S	0x3f5cc8f8,	23,	0xec2d925466f0dc20b17b908f8337904a8cb179f7c05aaf
S	0x3ff69bb3,	11,	0xe386aabc61d4d33b097
L	0x469a0953,	8
L	0x743eebff,	32
S	0x1182ab0e,	9,	0x72bbcc5670bdefc034
S	0x30d4a099,	27,	0x59174c52acd29a161bea6e233aab7c14ea4702a98ee8038cf4a84
L	0x66fdff4e,	22
L	0x686f428e,	20
L	0x6d5655de,	16
S	0x916af9d,	25,	0xbeeceeb483f7dfae861499b41d4e233931c8caa23c22fdb41
S	0x7951c4b9,	3,	0xea5cc7
S	0x48cc34b8,	25,	0x55e36e6b7e7fd57faae8b3236bc1dfeeeba9ce237d2f8208a
S	0x79f48287,	19,	0xfdd4bc7989fe60b5e21d70f499878e288049
L	0x750b8737,	8
L	0x726da252,	14
S	0x1021741a,	25,	0x5d93cebe22fe4103467f1355a71c3916ee6a7882690feea81
L	0x1e394492,	2
S	0x2b18b410,	21,	0xbe73ba50c761c0bf6f50fe32617dc5e8e1785d736f
L	0x5ba6fa8c,	12
S	0x2633cb82,	1,	0x22
L	0x78ceb6f7,	12
S	0x601d88e2,	9,	0x23673cd887e83b99b4
L	0x6518fce0,	32
S	0x1e621f22,	5,	0xe3776cff68
L	0x6a7e8a2f,	6
S	0x1e394492,	21,	0xc4d77238c8232bf21a865b58af2b0e6db704db7fa
L	0x5c78cce4,	4
L	0x60e13b4,	30
L	0x2f1a43b7,	20
S	0xadde18d,	11,	0xbafc51cd656d2368a08c
L	0x6608c7bf,	10
S	0x624d7ce2,	19,	0xae5beee69840b57135c2529eb2a42825e217fe
S	0x78ceb6f7,	19,	0x2a12d120967b92e11c6f2ba7ea5774efa48a
S	0x78895b86,	29,	0xdf8ecc85bbf31de44cbe78399aa8eb9a2617d3c1834f8cd12078341b
L	0x47269809,	0
S	0x6dd8d109,	3,	0x56ce89
L	0x62f4a48f,	18
S	0x72dee2f9,	21,	0x4b27998c6d9c4cfe84281718c4de3d1f4f6e2dc0c6
S	0x624d7ce2,	25,	0x5a4d244d22cf0eb3d7889103cd5b4be436196aaa9466490c5
S	0x48bab466,	11,	0x24bc9f3acbe8cf9030e7eb
L	0x2b18b410,	12
S	0x49a31c37,	15,	0xfaee8d592ac97752439d75ac8cbbe3
S	0x5accf9f3,	25,	0xab6855092381485c5383be7cd78b508a79a9a8f51995c3c
L	0x3ff69bb3,	6
S	0x743eebff,	23,	0x6562d36c5f109939b86c802dd3914a69f6cb79ee586360
S	0x1b65a26b,	19,	0xfedbc52532596351e4c494bf3d7b0dad2a846
S	0x5accf9f3,	7,	0xe3517dca3b7a81
S	0x46e8f2aa,	17,	0xf92a64981d150b05121d43a23acb8b12d
S	0x163f2de8,	9,	0x99a34ad632dd7aecb1
L	0x6dd8d109,	24
L	0x7951c4b9,	22
S	0x37782ad5,	25,	0x9d787da2574a9289977a7f286410cd32aee41e541316ca774
L	0x629ef9fe,	30
L	0x64c125f2,	32
L	0x1c65eb29,	4
S	0x52809a7f,	23,	0xdb6bfce3699e32f865e0d7223b731f3c2d708d4a30d90
L	0x43ce1714,	10
L	0x46e8f2aa,	10
S	0x60e13b4,	9,	0xe31701011cace644
L	0x12a6c7ca,	22
S	0x48bab466,	1,	0x99
S	0x726da252,	19,	0x2cd1ee963fde3c3be827b8978202fd76386ff
S	0x731ccd74,	25,	0xbe8f94cad78de65b20232acb65bd45ef9b1311ac336875094
L	0x43ce1714,	2
S	0x1182ab0e,	9,	0x802b312535c8f0d546
L	0x6589b549,	6
S	0x12834f5c,	23,	0x38a18b1e4205a4ef2f5a93f3829e95fd1283bb5e4a78e
L	0x5accf9f3,	22
S	0x70ed4df5,	19,	0xe822ec9894b1a2cbb2be17618e85954dd21b3
S	0x41acbbd0,	13,	0x231e6ff987d896a2355b8488ca
L	0x1d057b72,	8
S	0x79f48287,	23,	0xb692379152f4abf9d3dac54e6e0972fedb2e7c5e080c
S	0x1b37d1e4,	15,	0x99df1ccb52bd533db8b4c3201f302a
S	0x4435aa28,	27,	0xb75022f22403e609743eb6293bff2b179ade3c49b45d9fd44658
S	0x268f6057,	23,	0x9c7dd14fe88431a76030f3c7f1ddf1f16e55f917d658e
S	0x726da252,	27,	0xc6cd49bb8720a1e84e6dd3e9cec86df2775b1678ae73155cef5b0
S	0xb6fb411,	21,	0x4cd92b5aece456486e2acb6a1afb3e670a78d
S	0x2b18b410,	1,	0xae
S	0x726da252,	31,	0xd24397b465bb2bc8c7bf90931eb215735a6151cb77d89242a47d48055e5da
L	0x604dd0dc,	8
S	0x1b37d1e4,	27,	0xe717dc86ec222434ec77a545ae17fb9ef6bac09a5c10986eba8782
L	0x6ed5d912,	28
S	0x1e621f22,	27,	0xdfdbb26476b8c96389ee5238ac58e98728a9a1337339fdcd751b1
L	0x15775685,	0
L	0x183badc3,	30
S	0x41acbbd0,	9,	0xafd3746d7d8d56a1bd
L	0x12834f5c,	32
S	0x1021741a,	7,	0xec25c443c43b1c
L	0x629ef9fe,	18
L	0x3af56022,	2
S	0x1b37d1e4,	5,	0x557244122b
L	0x60e13b4,	14
L	0x57f8613f,	30
L	0x798e4fe5,	4
S	0x3f5cc8f8,	21,	0xdb13605d1791b5d98d379801665543e2888796392
L	0x64c125f2,	4
L	0x3ff69bb3,	16
S	0x78895b86,	3,	0x9249b8
S	0x798e4fe5,	29,	0x84d4608871edad87f91854b2b85bd83da36ada149631a515273a13e
S	0x24ab741d,	9,	0xa4e629691269185ef5
S	0x48bab466,	31,	0x1270e67e95b4535f998327495102a9ede88deeaa3474790a2fbcd846246
L	0x41acbbd0,	28
S	0x70ed4df5,	7,	0x5e25334f7b2122
L	0x284b0616,	32
S	0x1021741a,	5,	0xad82ac7096
L	0x47269809,	26
L	0x4e319649,	14
S	0x6810df85,	19,	0x1f289dd8c18f7ef4df3587351de608e7d7e58
L	0x1021741a,	24
L	0x6c2aa4c4,	14
L	0x1b65a26b,	0
L	0x686f428e,	8
L	0x62f4a48f,	12
L	0x3807a080,	6
L	0xadde18d,	20
S	0x73251e18,	5,	0x4d83d0102d
L	0x181e79ce,	2
L	0x12a6c7ca,	22
S	0x69b7bcca,	9,	0x57c48cb4a085306e31
L	0x46e8f2aa,	20
S	0x6c2aa4c4,	25,	0xf7ef5f63419c73e7b6f3acc8ffdfdfc911c7918a736d35330
L	0x7951c4b9,	26
L	0x3807a080,	26
S	0x1b65a26b,	1,	0xd3
S	0x1df4b509,	25,	0x3f52dabba94ca2f15cd3b9d77edccc71cef5f4e3bb5d4a8e5
L	0x6810df85,	32
L	0x465408e4,	24
L	0x2b18b410,	8
L	0x62f4a48f,	30
L	0x916af9d,	22
S	0x12834f5c,	3,	0x6f1b
S	0x48bab466,	29,	0x702faf6c255b7edf1cd4c78fc92b1abc5023cc77ff21b3ee956ae3c3
L	0x12834f5c,	10
L	0x1df4b509,	16
L	0x2e62d6bf,	16
S	0x62f4a48f,	21,	0x925dc66ec3604fe945e2c4de265b2afba23d2c1a
L	0x60e13b4,	8
L	0x47269809,	6
L	0x79f48287,	18
L	0x30d4a099,	8
L	0x183badc3,	22
S	0x4435aa28,	27,	0x6f8b2914537cd8afb2cc36e9e639a3711b99837d5b92b613b136f
L	0x181e79ce,	14
L	0x4b95768a,	14
L	0x72a2b19f,	22
S	0x2c44fc08,	23,	0x966642af96d6f44c5bc7782958563d89f872b7abae9f
L	0xfe71eee,	14
S	0x916af9d,	5,	0xd848dfddac
L	0x73251e18,	0
L	0x43ce1714,	6
S	0x2279dff6,	13,	0xa130df3f48822df4fefba298d3
L	0x66fdff4e,	16
S	0x57f8613f,	3,	0x4a1a66
S	0x2633cb82,	11,	0x887e27ca844cfe75dcd78d
S	0x2f1a43b7,	27,	0xafc6478cf3cbcfb1648263ed2432ebd97788c77bc7c33a77d41ef
S	0x621c5809,	15,	0xbafef035cd492211295ac6f5e8e6
S	0x6518fce0,	15,	0x6951eb4b49221e92fca581932cbf49
L	0x1182ab0e,	4
L	0x2428a0a1,	30
L	0x12a6c7ca,	28
S	0x72dee2f9,	23,	0x5938379630f67ba0c65c443126d8a22099735db154ce
S	0x750b8737,	25,	0x5ceec7963c7fd67d97c93aa0c24388998fcc808af4b3a4c81
L	0x42955cf9,	8
L	0x1b37d1e4,	20
L	0x3ff69bb3,	26
L	0x2f1a43b7,	24
L	0x72a2b19f,	24
S	0x3807a080,	27,	0x531be14c49266628e4972747e1a7f564174712c1127aaa2c39f049
L	0x12a6c7ca,	30
S	0x42955cf9,	17,	0x1a175249ee78bcbd763dfbef72ede4e86
L	0x1b65a26b,	14
L	0x183badc3,	14
L	0x6bf7e068,	8
L	0x12a6c7ca,	16
L	0x629ef9fe,	22
L	0x12834f5c,	4
S	0x2428a0a1,	3,	0x1ba773
L	0x465408e4,	24
L	0x72a2b19f,	32
L	0x2633cb82,	32
S	0x604dd0dc,	13,	0xe735d385edbf23feae9736268f
L	0x60e13b4,	30
S	0x604dd0dc,	1,	0x47
S	0x1dbb6915,	5,	0x99479471f8
S	0x3807a080,	17,	0xa33ae8fd5fabb815875e97f4a4cec239d5
L	0x6c2aa4c4,	16
L	0x3f5cc8f8,	10
L	0x2428a0a1,	30
S	0x37782ad5,	27,	0x60fed3cbc1bd1b89ceb53db88f87ec857d352376b688fa6345bd
S	0x72651170,	21,	0x0202bb30479a8011691cbc7964289dd332b35fb
L	0x49a31c37,	26
S	0x1c65eb29,	11,	0x7b892e6b7cda9fa15d37c1
S	0x6d5655de,	27,	0x3834bf1b70fc3caa62948e5aad48888193aedd36c13d6f44868
L	0x183badc3,	26
L	0x78ceb6f7,	30
S	0x4435aa28,	29,	0x3059e861f452d0a8d3287bad746d393d707095ddf4a9d131b75c
S	0x41acbbd0,	11,	0xd56391d9f1f23738e239d
S	0x6ed5d912,	7,	0x3b7fc15e9dfa96
L	0x689fd209,	20
S	0x3ff69bb3,	11,	0x4816b12d649fa22942cbf
L	0x604dd0dc,	30
L	0x689fd209,	8
L	0x689fd209,	4
L	0x3af56022,	0
L	0x72dee2f9,	18
S	0x49a31c37,	7,	0xedafa47d01611
S	0x798e4fe5,	7,	0x5b87b2dcddabb
S	0x15775685,	3,	0x5ec462
L	0x629ef9fe,	0
S	0x3f5cc8f8,	5,	0xf56f8f132
L	0x49a31c37,	4
S	0x6ed5d912,	1,	0x33
L	0x6810df85,	14
L	0x37782ad5,	6
L	0x3af56022,	24
L	0x2633cb82,	24
S	0x15775685,	27,	0x5953112c46a02db0961ade563389e38cb45eda2c3f705c3e20e7bb
S	0x726da252,	13,	0xb7dd153ec6f39232b2b51722b3
L	0x37782ad5,	20
L	0x72651170,	2
S	0x6ed5d912,	15,	0xee8f2e428583b3a9d6042f12d6b2b
S	0x3f5cc8f8,	19,	0x65ecdfe036d75eaef08ef9ddbe3575ed24336b
L	0x1dbb6915,	24
S	0x689fd209,	31,	0xe6623ae17ef0dd715a139d2542126744207b2ab954b82d811e347db8afdee
L	0x2b18b410,	16
S	0x1df4b509,	7,	0xa6a44f3cf62839
L	0x48bab466,	8
L	0x624d7ce2,	0
L	0x163f2de8,	14
L	0x78895b86,	10
L	0xfe71eee,	4
L	0x6518fce0,	2
S	0x624d7ce2,	23,	0x04847a3951786ddc6934feadb22241cd095ea40d25acc
L	0x12a6c7ca,	24
L	0x79f48287,	0
S	0x12834f5c,	21,	0xf1ed939983ce81f29c65bdfb714bfdae5fa8235959
L	0x2279dff6,	28
S	0x5accf9f3,	13,	0x56ad597f7e3b5714758790d643
S	0x3af56022,	13,	0xe7e0af5cd743278ee3915b45a8
L	0x3af56022,	4
L	0x2279dff6,	28
L	0x3807a080,	18
S	0x57f8613f,	21,	0xab4efbb69fa1c57a356555345b2fe2b990fac9b1
S	0x7951c4b9,	3,	0xa5d185
S	0x3af56022,	3,	0x194762
S	0x6608c7bf,	29,	0x9452bf4e6aeb886d37749fe2a4b8655c5d72b2aab95a447ebb75fe4
S	0x743eebff,	25,	0x6b57406c4bb0b148c3d19f5ad4e1f0513feff991945286bc9a
L	0x601d88e2,	14
L	0x1b65a26b,	28
L	0x6589b549,	28
L	0x2c3b5d5c,	24
L	0x62f4a48f,	8
L	0x41acbbd0,	14
L	0x731ccd74,	12
L	0x6bf7e068,	28
L	0x2279dff6,	12
S	0x668dac1e,	1,	0x25
S	0x1e621f22,	23,	0xfbeafe163d887468423aacbcb50b32fff8a8de6f25ade
L	0x1b65a26b,	18
L	0x6bf7e068,	2
L	0x1021741a,	20
S	0x78895b86,	21,	0x9f397863d1faee7406ee77a8dffaacd2d7a467dcf
S	0x1021741a,	27,	0x607f3fd8aef5d2733a8cd6a316df23139d923cac38de8e5357920
S	0x1b65a26b,	19,	0x2f69ff95cd4876db247f1c13a7c5148db87e9
S	0x4b95768a,	15,	0x1552865272358c6e53e63d222418
L	0x72dee2f9,	12
L	0x78895b86,	2
S	0x6810df85,	7,	0x163926b64145b4
L	0x2250410b,	12
L	0x3e226b1e,	2
S	0x3e6db396,	11,	0xb321877c1c73e9f665fb
L	0x1dbb6915,	2
L	0x49a31c37,	12
L	0x46e8f2aa,	28
S	0x624d7ce2,	7,	0x3ade85fec47425
L	0x3ff69bb3,	32
S	0x3e6db396,	29,	0x5014e3fad7faea48894992b19796e51255d2d76ca9c66e2cf0c771f9
S	0x750b8737,	17,	0x35b592641dd717a77386c2435376a172
L	0x3ff69bb3,	30
S	0x6d5655de,	11,	0xac58339e8de475761f6f3c
L	0x7951c4b9,	18
L	0x7951c4b9,	24
S	0x1df4b509,	27,	0xd0392a3ef86bc26e95d24d3d74755f78684cfe5144811502f1e2c
S	0x268f6057,	7,	0xf8bca803f91cc
S	0x668dac1e,	31,	0x2201ca45fc3df8b1ed43996be56595ef4df5d09588b0968846f22bc6c23
L	0x1b65a26b,	8
L	0x52809a7f,	32
L	0x1021741a,	32
L	0x6d5655de,	32
S	0x2428a0a1,	29,	0x964ba372ce5a99ba70aa9f643caeae2b7837fc2dcc7a61d87a532bfbb
L	0x686f428e,	28
L	0xb6fb411,	24
L	0x4435aa28,	16
L	0xadde18d,	2
S	0x3f5cc8f8,	15,	0xb1936847a5d7cee9d6d1ec2d9df0d1
L	0x5accf9f3,	16
S	0x3e226b1e,	1,	0x89
L	0x3e226b1e,	8
L	0x3f5cc8f8,	30
S	0x1dbb6915,	13,	0x1e9d4c897a977cc65a160ef47
L	0x72a2b19f,	30
L	0x181e79ce,	10
L	0x6bf7e068,	26
S	0x52809a7f,	7,	0x4d70478e829be
S	0x1c65eb29,	25,	0xb22f36481e5bd1ba4b2b1e6e621a728c712f53a419aafde
L	0x3ff69bb3,	30
L	0x2b18b410,	18
S	0x72a2b19f,	11,	0x3751f133a73166b5a6e769
S	0x726da252,	21,	0xf3904b3dc6c4013897fd91c551b3ba8f8bda1ade
S	0x268f6057,	27,	0xf4c5fc36f1b95b6294ad45755bed7c6c705efeed6804986a6c0
S	0x689fd209,	1,	0xca
S	0x57f8613f,	27,	0x377eea7aacf4674576fb632053fdb3185046454644f77f49514
L	0x72dee2f9,	18
L	0x604dd0dc,	32
L	0x163f2de8,	0
L	0x37782ad5,	32
L	0x60e13b4,	20
L	0x1e394492,	6
L	0x3ff69bb3,	16
L	0x621c5809,	12
L	0x30d4a099,	10
L	0x49a31c37,	10
S	0x5c78cce4,	23,	0xf4b0b7893ef08aea653f11c78974cf8997f791ac1077
L	0x2250410b,	32
L	0x5ba6fa8c,	26
S	0x73251e18,	5,	0x5b312db632
L	0x72a2b19f,	20
S	0x6ed5d912,	3,	0xe07f70
S	0x621c5809,	29,	0x56aff3b8bcf7d4efe27ed4beed79a4c7763751795473f8716a9561856e
S	0x30d4a099,	3,	0x2a3f1b
L	0x6589b549,	20
L	0x750b8737,	6
S	0x6589b549,	1,	0x70
S	0x46e8f2aa,	15,	0xd7ebf297cabf1b236f38afd81e21d6
S	0x668dac1e,	11,	0xf762ddd9aa5580cd4fa56b
S	0x57f8613f,	17,	0x6aae50d71d3d4eccb421fb182d373443f
L	0x668dac1e,	28
S	0x2f1a43b7,	3,	0xe8e5a9
S	0x24ab741d,	31,	0xea25e867d27d811aac6e678fc9f74b49b3799d63b5dc510d0ef48e45f1f47
S	0x2250410b,	3,	0xae4665
S	0x2279dff6,	23,	0x33d681a51eee97b824f17a9fbc56794267d47ad19f77
L	0x1b37d1e4,	30
S	0x24ab741d,	3,	0x3d9d90
L	0x3e6db396,	16
S	0x743eebff,	27,	0x6432a364f78820f1eef06492f185b9282cf859bf772d698671cc
L	0x621c5809,	32
L	0x621c5809,	10
L	0x726da252,	32
L	0x465408e4,	30
L	0x78ceb6f7,	18
S	0x49a31c37,	25,	0xfea4208aeee56efb2e814b162472194cdf4ebda12dee9b9
L	0x268f6057,	6
L	0x15775685,	4
L	0x4b95768a,	32
S	0x6608c7bf,	25,	0x6eeab449ece5906621366816dbb1694945893f7b7a97fd
S	0x1df4b509,	3,	0x55c43b
L	0x2c44fc08,	0
S	0x284b0616,	3,	0xd1381f
L	0x52809a7f,	4
L	0x73251e18,	14
L	0xb6fb411,	30
S	0x1b37d1e4,	11,	0xff1c135038c9616bd611
L	0x1182ab0e,	32
S	0x621c5809,	21,	0xe8f29e41d2a81966d283116a4e4129936b52c64899
S	0x2279dff6,	9,	0x8b55e3898fc2aaa6bf
S	0x30d4a099,	23,	0xc6c7f44acdc64c584d1c1497acbdb43cf24ecf29169a4a
S	0x1e49e08e,	17,	0x3b0e8b21fc85668d012e5977a8e777b4
L	0x621c5809,	6
L	0x726da252,	2
L	0x30d4a099,	14
S	0x465408e4,	17,	0x6096c5a636a6d11525277c73f44ea7f2
L	0x52809a7f,	14
L	0x743eebff,	32
L	0x1e394492,	4
S	0x621c5809,	3,	0xcca6e7
S	0xfe71eee,	29,	0x45f3852d7b8bbace32e1daa125acf39892a3fff7c1b01f6b52e1ea122
L	0x469a0953,	22
S	0x72dee2f9,	5,	0xfcb4ee64e
S	0x3af56022,	31,	0xcf278bcee62f29e646add9d91fa89f9487179532e6c5fde06a526dd53dd9
S	0x3e6db396,	17,	0x65d49bfa8773e187f411f7ee4624f6985
S	0x6a7e8a2f,	21,	0x9d32f6d68112b19a0d3776685e70611d84edbe7c
L	0xadde18d,	2
L	0xfe71eee,	22
L	0x4e319649,	4
L	0x15775685,	0
S	0x57f8613f,	13,	0xd319fa188367d0e23df4caa8bc
S	0x668dac1e,	5,	0x81c8091a4
S	0x72a2b19f,	13,	0x403820a729755ea7fc526757
L	0x2b18b410,	14
L	0x6810df85,	14
L	0x6589b549,	20
S	0x1021741a,	1,	0x43
S	0x37782ad5,	19,	0x3aed518f8c843295cafa2f5d1e0749df37f
S	0x6d5655de,	29,	0x1bc9a1b571d9bf077be426aed1e4e8627ede335e33bcc62564a12c0
L	0x12a6c7ca,	2
L	0x24ab741d,	14
S	0x4e319649,	11,	0x59acc079a18d2bfe319d20
S	0x2428a0a1,	1,	0x51
L	0x37782ad5,	22
L	0x3e226b1e,	16
S	0x629ef9fe,	13,	0x5fd9c3c801118f9e67ea43c23
L	0x4b95768a,	10
S	0x43ce1714,	3,	0xcb51e3
L	0x163f2de8,	4
S	0x6d5655de,	21,	0xf42711c289c5d18df9e366ecb4ec2e83cb5cabf
L	0x46e8f2aa,	2
L	0x42955cf9,	16
L	0x2c3b5d5c,	4
S	0x52809a7f,	9,	0xee69102214c8ee0f6
L	0x465408e4,	4
L	0x1021741a,	12
L	0x1dbb6915,	0
S	0x6bf7e068,	9,	0x92c447fdd3c78fcd5a
L	0x6ed5d912,	28
L	0x1c65eb29,	0
S	0x73251e18,	7,	0xcd19392826d16
L	0x12a6c7ca,	30
L	0x2633cb82,	14
S	0x268f6057,	15,	0x7ea8b6248b85c559788f63c2da43
L	0x284b0616,	18
L	0x2428a0a1,	28
L	0x5accf9f3,	4
S	0x181e79ce,	5,	0x8275ef79b7
S	0x1c65eb29,	15,	0x9c733a3796e9386eefa9efb6e4d4
L	0x1c65eb29,	14
L	0x1e621f22,	24
L	0x6810df85,	16
S	0x183badc3,	31,	0xe0c48ac1fd15cd10af421cc8afb4f2655f88d374e9df6ae4f8781f2a5a
S	0x72651170,	13,	0x7b4f44a767b1ef4f6453238d9
L	0x2f1a43b7,	0
L	0x6608c7bf,	16
L	0x1182ab0e,	30
S	0x1df4b509,	9,	0x8d6da5a84ac11b4abf
L	0x284b0616,	26
S	0x64c125f2,	23,	0xbe89a9873346ce64c722f5e453aae68bb29321339d3a2
S	0x3e226b1e,	9,	0x6371f728fbf2903940
L	0x60e13b4,	0
S	0x629ef9fe,	19,	0xbb47578652515d1fe796fcf6f3a7b1dea2b28
S	0x2b18b410,	9,	0x5c1731b2ed391b61e4
S	0x3f5cc8f8,	23,	0x7ca9fbc38938786da1e17a8e42421b2921d6d71c883281
S	0x5ba6fa8c,	11,	0xd93a6f62c454693fa94a18
L	0x798e4fe5,	30
S	0x6d5655de,	17,	0xd113f4ffdc3e10b9a5b0aa7d836452d4a8
L	0x5c78cce4,	26
S	0x5ba6fa8c,	21,	0xa179ca62dce74f14a9980586869d9daa92480e6a4
L	0x47269809,	16
S	0x798e4fe5,	17,	0x9a544f6118c69392c3f39b8962794f429
S	0x668dac1e,	5,	0xccf69073b8
S	0x183badc3,	17,	0xa291e7c7363a43825a6d8dc456414121f5
L	0x12834f5c,	12
L	0x6dd8d109,	18
S	0x12a6c7ca,	19,	0xa9faa562fbc0c0a6c9a42233b7c5473cd35fde
S	0x24ab741d,	31,	0x6badc22fc693e28dbb34fc8bbfaf630418c623f2d3f6932c3ec97ce74a9
L	0x72651170,	12
L	0x668dac1e,	16
L	0xadde18d,	14
L	0x1df4b509,	20
S	0x1dbb6915,	11,	0x3ac4b89f5546a321d7f1e4
S	0x3f5cc8f8,	15,	0xd4623d9c6a6652508197603993dda
L	0x64c125f2,	0
L	0x57f8613f,	8
S	0x62f4a48f,	17,	0xc32833449f0841d6c9bdceca27452b84
L	0x24ab741d,	10
L	0x15775685,	14
L	0x6ed5d912,	6
L	0x6ed5d912,	8
S	0x2e62d6bf,	15,	0xf1cabe77f1838ef3841e77fb84d9c9
L	0x2633cb82,	32
L	0x3e6db396,	14
S	0x604dd0dc,	1,	0x29
L	0x4435aa28,	28
L	0x5ba6fa8c,	16
L	0x6d5655de,	0
L	0x465408e4,	32
L	0x12834f5c,	14
S	0x2e62d6bf,	11,	0xf3ce5361bc686f479ac0f
S	0x6ed5d912,	27,	0xa0dbe2eb974b161f8273e5283993c0497dcde9166b313cabb5e1e
L	0x2c3b5d5c,	26
S	0x183badc3,	25,	0x81ba47278631d7f2af8dd3ff2778346ebe0cd6040f37b60
L	0x469a0953,	4
